<?xml version="1.0" encoding="UTF-8"?>
<!-- Generated by org.testng.reporters.JUnitReportReporter -->
<testsuite skipped="0" hostname="LAPTOP-A1G94GKC" name="ParseXML" tests="1" failures="0" timestamp="01 Sep 2017 18:35:35 GMT" time="0.028" errors="0">
  <testcase name="parseXML" time="0.028" classname="ParseXML"/>
</testsuite> <!-- ParseXML -->
