<?xml version="1.0" encoding="UTF-8"?>
<!-- Generated by org.testng.reporters.JUnitReportReporter -->
<testsuite skipped="0" hostname="LAPTOP-A1G94GKC" name="ParseXMLGeneric" tests="1" failures="0" timestamp="03 Nov 2017 17:04:50 GMT" time="0.248" errors="0">
  <testcase name="parseXML" time="0.248" classname="ParseXMLGeneric"/>
</testsuite> <!-- ParseXMLGeneric -->
