<?xml version="1.0" encoding="UTF-8"?>
<!-- Generated by org.testng.reporters.JUnitReportReporter -->
<testsuite skipped="0" hostname="LAPTOP-A1G94GKC" name="JsonParse2" tests="1" failures="0" timestamp="01 Sep 2017 15:17:48 GMT" time="0.032" errors="0">
  <testcase name="parseJSON" time="0.032" classname="JsonParse2"/>
</testsuite> <!-- JsonParse2 -->
